receipt=<repo>/docs/system_audit/fkwu_form_cli_gguf_semantic_token_generation_composition_receipt_2026-06-26_trace/full-gguf-tensor-slice-math/receipt.json
trace_id=fkwu-full-gguf-tensor-slice-math-20260626T214617Z
gguf_tensor_slice_sha256=3dfa790b7854b8f797bb38a983f294a810b84d99c46daec98c954c8420e75220
gguf_tensor_slice_verified=true
gguf_tensor_slice_source=content-addressed-full-gguf-slice-manifest
gguf_tensor_math_source=fkwu-read_file_slice-to-form-q6k-math
gguf_tensor_slice_sha256=3dfa790b7854b8f797bb38a983f294a810b84d99c46daec98c954c8420e75220
gguf_tensor_slice_expected_sha256=3dfa790b7854b8f797bb38a983f294a810b84d99c46daec98c954c8420e75220
gguf_tensor_path=<local-gguf-blob>
gguf_tensor_name=token_embd.weight
gguf_tensor_index=254
gguf_tensor_type=14
gguf_tensor_dim0=3072
gguf_tensor_absolute_start=1696681152
gguf_tensor_slice_len=210
gguf_tensor_slice_read_len=210
gguf_file_size_expected=2019886272
gguf_file_size_observed=2019886272
q6k_sample0_micro=9570
q6k_sample31_micro=-14700
q6k_sample255_micro=-22922
q6k_dot1_micro=9570
q6k_dot4_micro=58889
q6k_expected_sample0_micro=9570
q6k_expected_sample31_micro=-14700
